# JRE version: OpenJDK Runtime Environment Zulu15.38+17-CA (15.0.6+5) (build 15.0.6+5-MTS)
# Java VM: OpenJDK 64-Bit Server VM Zulu15.38+17-CA (15.0.6+5-MTS, mixed mode, tiered, compressed oops, g1 gc, bsd-aarch64)
GC Precious Log:
 CPUs: 8 total, 8 available
 Memory: 8192M
 Large Page Support: Disabled
 NUMA Support: Disabled
 Compressed Oops: Enabled (Zero based)
 Heap Region Size: 1M
 Heap Min Capacity: 8M
 Heap Initial Capacity: 128M
 Heap Max Capacity: 2G
 Pre-touch: Disabled
 Parallel Workers: 8
 Concurrent Workers: 2
 Concurrent Refinement Workers: 8
 Periodic GC: Disabled
Heap:
 garbage-first heap   total 40960K, used 15104K [0x0000000740000000, 0x00000007c0000000)
  region size 1024K, 4 young (4096K), 2 survivors (2048K)
 Metaspace       used 33786K, capacity 34270K, committed 34480K, reserved 1079296K
  class space    used 3872K, capacity 4040K, committed 4096K, reserved 1048576K
GC Heap History (16 events):
Event: 1.135 GC heap before
{Heap before GC invocations=0 (full 0):
 garbage-first heap   total 131072K, used 23552K [0x0000000740000000, 0x00000007c0000000)
  region size 1024K, 23 young (23552K), 0 survivors (0K)
 Metaspace       used 11775K, capacity 11938K, committed 12032K, reserved 1060864K
  class space    used 1127K, capacity 1186K, committed 1280K, reserved 1048576K
}
Event: 1.138 GC heap after
{Heap after GC invocations=1 (full 0):
 garbage-first heap   total 131072K, used 7296K [0x0000000740000000, 0x00000007c0000000)
  region size 1024K, 3 young (3072K), 3 survivors (3072K)
 Metaspace       used 11775K, capacity 11938K, committed 12032K, reserved 1060864K
  class space    used 1127K, capacity 1186K, committed 1280K, reserved 1048576K
}
Event: 1.859 GC heap before
{Heap before GC invocations=1 (full 0):
 garbage-first heap   total 131072K, used 32896K [0x0000000740000000, 0x00000007c0000000)
  region size 1024K, 28 young (28672K), 3 survivors (3072K)
 Metaspace       used 17655K, capacity 17941K, committed 18176K, reserved 1064960K
  class space    used 1867K, capacity 1989K, committed 2048K, reserved 1048576K
}
Event: 1.879 GC heap after
{Heap after GC invocations=2 (full 0):
 garbage-first heap   total 131072K, used 9395K [0x0000000740000000, 0x00000007c0000000)
  region size 1024K, 2 young (2048K), 2 survivors (2048K)
 Metaspace       used 17655K, capacity 17941K, committed 18176K, reserved 1064960K
  class space    used 1867K, capacity 1989K, committed 2048K, reserved 1048576K
}
Event: 2.162 GC heap before
{Heap before GC invocations=2 (full 0):
 garbage-first heap   total 131072K, used 22707K [0x0000000740000000, 0x00000007c0000000)
  region size 1024K, 17 young (17408K), 2 survivors (2048K)
 Metaspace       used 20883K, capacity 21152K, committed 21296K, reserved 1069056K
  class space    used 2235K, capacity 2353K, committed 2432K, reserved 1048576K
}
Event: 2.166 GC heap after
{Heap after GC invocations=3 (full 0):
 garbage-first heap   total 131072K, used 9592K [0x0000000740000000, 0x00000007c0000000)
  region size 1024K, 3 young (3072K), 3 survivors (3072K)
 Metaspace       used 20883K, capacity 21152K, committed 21296K, reserved 1069056K
  class space    used 2235K, capacity 2353K, committed 2432K, reserved 1048576K
}
Event: 2.556 GC heap before
{Heap before GC invocations=4 (full 0):
 garbage-first heap   total 40960K, used 30072K [0x0000000740000000, 0x00000007c0000000)
  region size 1024K, 24 young (24576K), 3 survivors (3072K)
 Metaspace       used 24837K, capacity 25137K, committed 25392K, reserved 1071104K
  class space    used 2731K, capacity 2846K, committed 2944K, reserved 1048576K
}
Event: 2.559 GC heap after
{Heap after GC invocations=5 (full 0):
 garbage-first heap   total 40960K, used 10591K [0x0000000740000000, 0x00000007c0000000)
  region size 1024K, 2 young (2048K), 2 survivors (2048K)
 Metaspace       used 24837K, capacity 25137K, committed 25392K, reserved 1071104K
  class space    used 2731K, capacity 2846K, committed 2944K, reserved 1048576K
}
Event: 2.915 GC heap before
{Heap before GC invocations=5 (full 0):
 garbage-first heap   total 40960K, used 27999K [0x0000000740000000, 0x00000007c0000000)
  region size 1024K, 19 young (19456K), 2 survivors (2048K)
 Metaspace       used 26389K, capacity 26827K, committed 27056K, reserved 1073152K
  class space    used 2883K, capacity 3019K, committed 3072K, reserved 1048576K
}
Event: 2.916 GC heap after
{Heap after GC invocations=6 (full 0):
 garbage-first heap   total 40960K, used 11775K [0x0000000740000000, 0x00000007c0000000)
  region size 1024K, 3 young (3072K), 3 survivors (3072K)
 Metaspace       used 26389K, capacity 26827K, committed 27056K, reserved 1073152K
  class space    used 2883K, capacity 3019K, committed 3072K, reserved 1048576K
}
Event: 3.098 GC heap before
{Heap before GC invocations=6 (full 0):
 garbage-first heap   total 40960K, used 28159K [0x0000000740000000, 0x00000007c0000000)
  region size 1024K, 20 young (20480K), 3 survivors (3072K)
 Metaspace       used 28208K, capacity 28627K, committed 28848K, reserved 1075200K
  class space    used 3093K, capacity 3228K, committed 3328K, reserved 1048576K
}
Event: 3.101 GC heap after
{Heap after GC invocations=7 (full 0):
 garbage-first heap   total 40960K, used 12307K [0x0000000740000000, 0x00000007c0000000)
  region size 1024K, 2 young (2048K), 2 survivors (2048K)
 Metaspace       used 28208K, capacity 28627K, committed 28848K, reserved 1075200K
  class space    used 3093K, capacity 3228K, committed 3328K, reserved 1048576K
}
Event: 3.241 GC heap before
{Heap before GC invocations=7 (full 0):
 garbage-first heap   total 40960K, used 28691K [0x0000000740000000, 0x00000007c0000000)
  region size 1024K, 19 young (19456K), 2 survivors (2048K)
 Metaspace       used 30650K, capacity 31071K, committed 31152K, reserved 1077248K
  class space    used 3430K, capacity 3552K, committed 3584K, reserved 1048576K
}
Event: 3.242 GC heap after
{Heap after GC invocations=8 (full 0):
 garbage-first heap   total 40960K, used 13044K [0x0000000740000000, 0x00000007c0000000)
  region size 1024K, 2 young (2048K), 2 survivors (2048K)
 Metaspace       used 30650K, capacity 31071K, committed 31152K, reserved 1077248K
  class space    used 3430K, capacity 3552K, committed 3584K, reserved 1048576K
}
Event: 3.431 GC heap before
{Heap before GC invocations=8 (full 0):
 garbage-first heap   total 40960K, used 30452K [0x0000000740000000, 0x00000007c0000000)
  region size 1024K, 19 young (19456K), 2 survivors (2048K)
 Metaspace       used 33621K, capacity 34078K, committed 34224K, reserved 1079296K
  class space    used 3848K, capacity 3976K, committed 4096K, reserved 1048576K
}
Event: 3.435 GC heap after
{Heap after GC invocations=9 (full 0):
 garbage-first heap   total 40960K, used 14080K [0x0000000740000000, 0x00000007c0000000)
  region size 1024K, 2 young (2048K), 2 survivors (2048K)
 Metaspace       used 33621K, capacity 34078K, committed 34224K, reserved 1079296K
  class space    used 3848K, capacity 3976K, committed 4096K, reserved 1048576K
}

